<?xml version="1.0" encoding="UTF-8"?>
<!-- Generated by org.testng.reporters.JUnitReportReporter -->
<testsuite hostname="DESKTOP-H31V3PB" failures="0" tests="2" name="Day3.CookiesDemo" time="5.749" errors="0" timestamp="2024-09-04T11:49:45 IST" skipped="0">
  <testcase classname="Day3.CookiesDemo" name="testCookies" time="4.364"/>
  <testcase classname="Day3.CookiesDemo" name="getCookiesInfo" time="1.385"/>
</testsuite> <!-- Day3.CookiesDemo -->
