<?xml version="1.0" encoding="UTF-8"?>
<!-- Generated by org.testng.reporters.JUnitReportReporter -->
<testsuite hostname="DESKTOP-H31V3PB" failures="0" tests="1" name="Day3.PathAndQuryParameters" time="3.365" errors="0" timestamp="2024-09-04T00:28:38 IST" skipped="0">
  <testcase classname="Day3.PathAndQuryParameters" name="testPathAndQuryParameters" time="3.365"/>
</testsuite> <!-- Day3.PathAndQuryParameters -->
