<?xml version="1.0" encoding="UTF-8"?>
<!-- Generated by org.testng.reporters.JUnitReportReporter -->
<testsuite hostname="DESKTOP-H31V3PB" failures="0" tests="4" name="Day1.HTTPRequest" time="4.859" errors="0" timestamp="2024-08-27T01:19:45 IST" skipped="0">
  <testcase classname="Day1.HTTPRequest" name="getUsers" time="3.197"/>
  <testcase classname="Day1.HTTPRequest" name="CreateUser" time="0.844"/>
  <testcase classname="Day1.HTTPRequest" name="UpadateUser" time="0.430"/>
  <testcase classname="Day1.HTTPRequest" name="DeteteUser" time="0.388"/>
</testsuite> <!-- Day1.HTTPRequest -->
