<?xml version="1.0" encoding="UTF-8"?>
<!-- Generated by org.testng.reporters.JUnitReportReporter -->
<testsuite hostname="DESKTOP-H31V3PB" failures="0" tests="1" name="Day3.LoggingDemo" time="2.964" errors="0" timestamp="2024-09-05T12:29:19 IST" skipped="0">
  <testcase classname="Day3.LoggingDemo" name="testlogs" time="2.964"/>
</testsuite> <!-- Day3.LoggingDemo -->
