<?xml version="1.0" encoding="UTF-8"?>
<!-- Generated by org.testng.reporters.JUnitReportReporter -->
<testsuite hostname="DESKTOP-H31V3PB" failures="0" tests="1" name="Day3.HeadersDemo" time="3.864" errors="0" timestamp="2024-09-04T13:38:15 IST" skipped="0">
  <testcase classname="Day3.HeadersDemo" name="getHeaders" time="3.864"/>
</testsuite> <!-- Day3.HeadersDemo -->
