<?xml version="1.0" encoding="UTF-8"?>
<!-- Generated by org.testng.reporters.JUnitReportReporter -->
<testsuite hostname="DESKTOP-H31V3PB" failures="0" tests="1" name="Day1.HTTPRequests" time="5.493" errors="0" timestamp="2024-08-27T01:28:38 IST" skipped="0">
  <testcase classname="Day1.HTTPRequests" name="getUser" time="5.493"/>
</testsuite> <!-- Day1.HTTPRequests -->
